<?xml version="1.0" encoding="UTF-8"?>
<testng-results ignored="0" total="1" passed="1" failed="0" skipped="0">
  <reporter-output>
  </reporter-output>
  <suite started-at="2022-05-18T19:57:03 IST" name="Default suite" finished-at="2022-05-18T19:57:03 IST" duration-ms="197">
    <groups>
    </groups>
    <test started-at="2022-05-18T19:57:03 IST" name="Default test" finished-at="2022-05-18T19:57:03 IST" duration-ms="197">
      <class name="com.simplilearn.demo.AutomaticAnnotationDemo">
        <test-method is-config="true" signature="beforeSuite()[pri:0, instance:com.simplilearn.demo.AutomaticAnnotationDemo@6d763516]" started-at="2022-05-18T19:57:03 IST" name="beforeSuite" finished-at="2022-05-18T19:57:03 IST" duration-ms="19" status="PASS">
          <reporter-output>
          </reporter-output>
        </test-method> <!-- beforeSuite -->
        <test-method is-config="true" signature="beforeTest()[pri:0, instance:com.simplilearn.demo.AutomaticAnnotationDemo@6d763516]" started-at="2022-05-18T19:57:03 IST" name="beforeTest" finished-at="2022-05-18T19:57:03 IST" duration-ms="1" status="PASS">
          <reporter-output>
          </reporter-output>
        </test-method> <!-- beforeTest -->
        <test-method is-config="true" signature="beforeClass()[pri:0, instance:com.simplilearn.demo.AutomaticAnnotationDemo@6d763516]" started-at="2022-05-18T19:57:03 IST" name="beforeClass" finished-at="2022-05-18T19:57:03 IST" duration-ms="2" status="PASS">
          <reporter-output>
          </reporter-output>
        </test-method> <!-- beforeClass -->
        <test-method is-config="true" signature="beforeMethod()[pri:0, instance:com.simplilearn.demo.AutomaticAnnotationDemo@6d763516]" started-at="2022-05-18T19:57:03 IST" name="beforeMethod" finished-at="2022-05-18T19:57:03 IST" duration-ms="2" status="PASS">
          <reporter-output>
          </reporter-output>
        </test-method> <!-- beforeMethod -->
        <test-method signature="Hello()[pri:0, instance:com.simplilearn.demo.AutomaticAnnotationDemo@6d763516]" started-at="2022-05-18T19:57:03 IST" name="Hello" finished-at="2022-05-18T19:57:03 IST" duration-ms="21" status="PASS">
          <reporter-output>
          </reporter-output>
        </test-method> <!-- Hello -->
        <test-method is-config="true" signature="afterMethod()[pri:0, instance:com.simplilearn.demo.AutomaticAnnotationDemo@6d763516]" started-at="2022-05-18T19:57:03 IST" name="afterMethod" finished-at="2022-05-18T19:57:03 IST" duration-ms="0" status="PASS">
          <reporter-output>
          </reporter-output>
        </test-method> <!-- afterMethod -->
        <test-method is-config="true" signature="afterClass()[pri:0, instance:com.simplilearn.demo.AutomaticAnnotationDemo@6d763516]" started-at="2022-05-18T19:57:03 IST" name="afterClass" finished-at="2022-05-18T19:57:03 IST" duration-ms="0" status="PASS">
          <reporter-output>
          </reporter-output>
        </test-method> <!-- afterClass -->
        <test-method is-config="true" signature="afterTest()[pri:0, instance:com.simplilearn.demo.AutomaticAnnotationDemo@6d763516]" started-at="2022-05-18T19:57:03 IST" name="afterTest" finished-at="2022-05-18T19:57:03 IST" duration-ms="1" status="PASS">
          <reporter-output>
          </reporter-output>
        </test-method> <!-- afterTest -->
        <test-method is-config="true" signature="afterSuite()[pri:0, instance:com.simplilearn.demo.AutomaticAnnotationDemo@6d763516]" started-at="2022-05-18T19:57:03 IST" name="afterSuite" finished-at="2022-05-18T19:57:03 IST" duration-ms="0" status="PASS">
          <reporter-output>
          </reporter-output>
        </test-method> <!-- afterSuite -->
      </class> <!-- com.simplilearn.demo.AutomaticAnnotationDemo -->
    </test> <!-- Default test -->
  </suite> <!-- Default suite -->
</testng-results>
